<?xml version="1.0" encoding="UTF-8"?>
<!-- Generated by org.testng.reporters.JUnitXMLReporter -->
<testsuite ignored="0" hostname="DESKTOP-NKSQIDG" failures="0" tests="8" name="Surefire test" time="19.335" errors="0" timestamp="2025-12-30T18:13:06 IST">
  <testcase classname="api.tests.DDTTest" name="testPostUser" time="5.176"/>
  <testcase classname="api.tests.DDTTest" name="testPostUser" time="1.114"/>
  <testcase classname="api.tests.DDTTest" name="testDeleteUserByName" time="1.093"/>
  <testcase classname="api.tests.DDTTest" name="testDeleteUserByName" time="1.117"/>
  <testcase classname="api.tests.UserTests" name="testPostUser" time="1.133"/>
  <testcase classname="api.tests.UserTests" name="getUserByName" time="1.55"/>
  <testcase classname="api.tests.UserTests" name="updateUserByName" time="3.419"/>
  <testcase classname="api.tests.UserTests" name="testDeleteUserByName" time="1.134"/>
</testsuite> <!-- Surefire test -->
