<?xml version="1.0" encoding="UTF-8"?>
<!-- Generated by org.testng.reporters.JUnitXMLReporter -->
<testsuite ignored="0" hostname="DESKTOP-NKSQIDG" failures="0" tests="8" name="UserTest" time="19.023" errors="0" timestamp="2025-12-31T12:30:58 IST">
  <testcase classname="api.tests.UserTests" name="testPostUser" time="5.974"/>
  <testcase classname="api.tests.UserTests" name="getUserByName" time="1.178"/>
  <testcase classname="api.tests.UserTests" name="updateUserByName" time="2.371"/>
  <testcase classname="api.tests.UserTests" name="testDeleteUserByName" time="1.115"/>
  <testcase classname="api.tests.DDTTest" name="testPostUser" time="1.212"/>
  <testcase classname="api.tests.DDTTest" name="testPostUser" time="1.063"/>
  <testcase classname="api.tests.DDTTest" name="testDeleteUserByName" time="1.204"/>
  <testcase classname="api.tests.DDTTest" name="testDeleteUserByName" time="1.082"/>
</testsuite> <!-- UserTest -->
