<?xml version="1.0" encoding="UTF-8"?>
<!-- Generated by org.testng.reporters.JUnitXMLReporter -->
<testsuite ignored="0" hostname="DESKTOP-NKSQIDG" failures="0" tests="4" name="Default test" time="13.051" errors="0" timestamp="2025-12-30T17:42:33 IST">
  <testcase classname="api.tests.DDTTest" name="testPostUser" time="5.328"/>
  <testcase classname="api.tests.DDTTest" name="testPostUser" time="1.113"/>
  <testcase classname="api.tests.DDTTest" name="testDeleteUserByName" time="1.184"/>
  <testcase classname="api.tests.DDTTest" name="testDeleteUserByName" time="2.435"/>
</testsuite> <!-- Default test -->
