<?xml version="1.0" encoding="UTF-8"?>
<testng-results ignored="0" total="8" passed="8" failed="0" skipped="0">
  <reporter-output>
  </reporter-output>
  <suite started-at="2025-12-30T18:12:47 IST" name="Surefire suite" finished-at="2025-12-30T18:13:06 IST" duration-ms="19335">
    <groups>
    </groups>
    <test started-at="2025-12-30T18:12:47 IST" name="Surefire test" finished-at="2025-12-30T18:13:06 IST" duration-ms="19335">
      <class name="api.tests.UserTests">
        <test-method is-config="true" signature="setupData()[pri:0, instance:api.tests.UserTests@10163d6]" started-at="2025-12-30T18:12:58 IST" name="setupData" finished-at="2025-12-30T18:12:59 IST" duration-ms="509" status="PASS">
          <reporter-output>
          </reporter-output>
        </test-method> <!-- setupData -->
        <test-method signature="testPostUser()[pri:1, instance:api.tests.UserTests@10163d6]" started-at="2025-12-30T18:12:59 IST" name="testPostUser" finished-at="2025-12-30T18:13:00 IST" duration-ms="1133" status="PASS">
          <reporter-output>
          </reporter-output>
        </test-method> <!-- testPostUser -->
        <test-method signature="getUserByName()[pri:2, instance:api.tests.UserTests@10163d6]" started-at="2025-12-30T18:13:00 IST" name="getUserByName" finished-at="2025-12-30T18:13:01 IST" duration-ms="1550" status="PASS">
          <reporter-output>
          </reporter-output>
        </test-method> <!-- getUserByName -->
        <test-method signature="updateUserByName()[pri:3, instance:api.tests.UserTests@10163d6]" started-at="2025-12-30T18:13:01 IST" name="updateUserByName" finished-at="2025-12-30T18:13:05 IST" duration-ms="3419" status="PASS">
          <reporter-output>
          </reporter-output>
        </test-method> <!-- updateUserByName -->
        <test-method signature="testDeleteUserByName()[pri:4, instance:api.tests.UserTests@10163d6]" started-at="2025-12-30T18:13:05 IST" name="testDeleteUserByName" finished-at="2025-12-30T18:13:06 IST" duration-ms="1134" status="PASS">
          <reporter-output>
          </reporter-output>
        </test-method> <!-- testDeleteUserByName -->
      </class> <!-- api.tests.UserTests -->
      <class name="api.tests.DDTTest">
        <test-method signature="testPostUser(java.lang.String,java.lang.String,java.lang.String,java.lang.String,java.lang.String,java.lang.String,java.lang.String)[pri:1, instance:api.tests.DDTTest@4cc8eb05]" started-at="2025-12-30T18:12:50 IST" name="testPostUser" data-provider="Data" finished-at="2025-12-30T18:12:55 IST" duration-ms="5176" status="PASS">
          <params>
            <param index="0">
              <value>
                <![CDATA[1010]]>
              </value>
            </param>
            <param index="1">
              <value>
                <![CDATA[vr]]>
              </value>
            </param>
            <param index="2">
              <value>
                <![CDATA[vira]]>
              </value>
            </param>
            <param index="3">
              <value>
                <![CDATA[ram]]>
              </value>
            </param>
            <param index="4">
              <value>
                <![CDATA[a@gmail.com]]>
              </value>
            </param>
            <param index="5">
              <value>
                <![CDATA[dsdsd]]>
              </value>
            </param>
            <param index="6">
              <value>
                <![CDATA[7844121212]]>
              </value>
            </param>
          </params>
          <reporter-output>
          </reporter-output>
        </test-method> <!-- testPostUser -->
        <test-method signature="testPostUser(java.lang.String,java.lang.String,java.lang.String,java.lang.String,java.lang.String,java.lang.String,java.lang.String)[pri:1, instance:api.tests.DDTTest@4cc8eb05]" started-at="2025-12-30T18:12:55 IST" name="testPostUser" data-provider="Data" finished-at="2025-12-30T18:12:56 IST" duration-ms="1114" status="PASS">
          <params>
            <param index="0">
              <value>
                <![CDATA[1020]]>
              </value>
            </param>
            <param index="1">
              <value>
                <![CDATA[rh]]>
              </value>
            </param>
            <param index="2">
              <value>
                <![CDATA[ravi]]>
              </value>
            </param>
            <param index="3">
              <value>
                <![CDATA[hirave]]>
              </value>
            </param>
            <param index="4">
              <value>
                <![CDATA[b@gmail.com]]>
              </value>
            </param>
            <param index="5">
              <value>
                <![CDATA[dcfdc]]>
              </value>
            </param>
            <param index="6">
              <value>
                <![CDATA[5446464654]]>
              </value>
            </param>
          </params>
          <reporter-output>
          </reporter-output>
        </test-method> <!-- testPostUser -->
        <test-method signature="testDeleteUserByName(java.lang.String)[pri:2, instance:api.tests.DDTTest@4cc8eb05]" started-at="2025-12-30T18:12:56 IST" name="testDeleteUserByName" data-provider="Usernames" finished-at="2025-12-30T18:12:57 IST" duration-ms="1093" status="PASS">
          <params>
            <param index="0">
              <value>
                <![CDATA[vr]]>
              </value>
            </param>
          </params>
          <reporter-output>
          </reporter-output>
        </test-method> <!-- testDeleteUserByName -->
        <test-method signature="testDeleteUserByName(java.lang.String)[pri:2, instance:api.tests.DDTTest@4cc8eb05]" started-at="2025-12-30T18:12:57 IST" name="testDeleteUserByName" data-provider="Usernames" finished-at="2025-12-30T18:12:58 IST" duration-ms="1117" status="PASS">
          <params>
            <param index="0">
              <value>
                <![CDATA[rh]]>
              </value>
            </param>
          </params>
          <reporter-output>
          </reporter-output>
        </test-method> <!-- testDeleteUserByName -->
      </class> <!-- api.tests.DDTTest -->
    </test> <!-- Surefire test -->
  </suite> <!-- Surefire suite -->
</testng-results>
