<?xml version="1.0" encoding="UTF-8"?>
<testsuite xmlns:xsi="http://www.w3.org/2001/XMLSchema-instance" xsi:noNamespaceSchemaLocation="https://maven.apache.org/surefire/maven-surefire-plugin/xsd/surefire-test-report.xsd" version="3.0.2" name="TestSuite" time="20.476" tests="8" errors="0" skipped="0" failures="0">
  <properties>
[...]
</properties>
  <testcase name="testPostUser[1010, vr, vira, ram, a@gmail.com, dsdsd, 7844121212](1)" classname="api.tests.DDTTest" time="5.171">
    <system-err><![CDATA[SLF4J: Failed to load class "org.slf4j.impl.StaticLoggerBinder".
SLF4J: Defaulting to no-operation (NOP) logger implementation
SLF4J: See http://www.slf4j.org/codes.html#StaticLoggerBinder for further details.
ERROR StatusLogger Log4j2 could not find a logging implementation. Please add log4j-core to the classpath. Using SimpleLogger to log to the console...
]]></system-err>
  </testcase>
  <testcase name="testPostUser[1020, rh, ravi, hirave, b@gmail.com, dcfdc, 5446464654](2)" classname="api.tests.DDTTest" time="1.112"/>
  <testcase name="testDeleteUserByName[vr](1)" classname="api.tests.DDTTest" time="1.093"/>
  <testcase name="testDeleteUserByName[rh](2)" classname="api.tests.DDTTest" time="1.131"/>
  <testcase name="testPostUser" classname="api.tests.UserTests" time="1.13">
    <system-out><![CDATA[HTTP/1.1 200 OK
Date: Tue, 30 Dec 2025 12:43:13 GMT
Content-Type: application/json
Transfer-Encoding: chunked
Connection: keep-alive
Access-Control-Allow-Origin: *
Access-Control-Allow-Methods: GET, POST, DELETE, PUT
Access-Control-Allow-Headers: Content-Type, api_key, Authorization
Server: Jetty(9.2.9.v20150224)

{
    "code": 200,
    "type": "unknown",
    "message": "2009492047"
}
]]></system-out>
  </testcase>
  <testcase name="getUserByName" classname="api.tests.UserTests" time="1.554">
    <system-out><![CDATA[HTTP/1.1 200 OK
Date: Tue, 30 Dec 2025 12:43:14 GMT
Content-Type: application/json
Transfer-Encoding: chunked
Connection: keep-alive
Access-Control-Allow-Origin: *
Access-Control-Allow-Methods: GET, POST, DELETE, PUT
Access-Control-Allow-Headers: Content-Type, api_key, Authorization
Server: Jetty(9.2.9.v20150224)

{
    "id": 2009492047,
    "username": "brandon.hartmann",
    "firstName": "Kristofer",
    "email": "danuta.king@example.com",
    "password": "wu8197",
    "phone": "011.440.3533",
    "userStatus": 0
}
]]></system-out>
  </testcase>
  <testcase name="updateUserByName" classname="api.tests.UserTests" time="3.418">
    <system-out><![CDATA[{
    "code": 200,
    "type": "unknown",
    "message": "2009492047"
}
]]></system-out>
  </testcase>
  <testcase name="testDeleteUserByName" classname="api.tests.UserTests" time="1.136">
    <system-out><![CDATA[HTTP/1.1 200 OK
Date: Tue, 30 Dec 2025 12:43:19 GMT
Content-Type: application/json
Transfer-Encoding: chunked
Connection: keep-alive
Access-Control-Allow-Origin: *
Access-Control-Allow-Methods: GET, POST, DELETE, PUT
Access-Control-Allow-Headers: Content-Type, api_key, Authorization
Server: Jetty(9.2.9.v20150224)

{
    "code": 200,
    "type": "unknown",
    "message": "brandon.hartmann"
}
]]></system-out>
  </testcase>
</testsuite>