<?xml version="1.0" encoding="UTF-8"?>
<testng-results ignored="0" total="8" passed="8" failed="0" skipped="0">
  <reporter-output>
  </reporter-output>
  <suite started-at="2025-12-31T12:30:39 IST" name="UserSuite" finished-at="2025-12-31T12:30:58 IST" duration-ms="19023">
    <groups>
    </groups>
    <test started-at="2025-12-31T12:30:39 IST" name="UserTest" finished-at="2025-12-31T12:30:58 IST" duration-ms="19023">
      <class name="api.tests.UserTests">
        <test-method is-config="true" signature="setupData()[pri:0, instance:api.tests.UserTests@1e0b4072]" started-at="2025-12-31T12:30:39 IST" name="setupData" finished-at="2025-12-31T12:30:39 IST" duration-ms="694" status="PASS">
          <reporter-output>
          </reporter-output>
        </test-method> <!-- setupData -->
        <test-method signature="testPostUser()[pri:1, instance:api.tests.UserTests@1e0b4072]" started-at="2025-12-31T12:30:40 IST" name="testPostUser" finished-at="2025-12-31T12:30:45 IST" duration-ms="5974" status="PASS">
          <reporter-output>
          </reporter-output>
        </test-method> <!-- testPostUser -->
        <test-method signature="getUserByName()[pri:2, instance:api.tests.UserTests@1e0b4072]" started-at="2025-12-31T12:30:45 IST" name="getUserByName" finished-at="2025-12-31T12:30:47 IST" duration-ms="1178" status="PASS">
          <reporter-output>
          </reporter-output>
        </test-method> <!-- getUserByName -->
        <test-method signature="updateUserByName()[pri:3, instance:api.tests.UserTests@1e0b4072]" started-at="2025-12-31T12:30:47 IST" name="updateUserByName" finished-at="2025-12-31T12:30:49 IST" duration-ms="2371" status="PASS">
          <reporter-output>
          </reporter-output>
        </test-method> <!-- updateUserByName -->
        <test-method signature="testDeleteUserByName()[pri:4, instance:api.tests.UserTests@1e0b4072]" started-at="2025-12-31T12:30:49 IST" name="testDeleteUserByName" finished-at="2025-12-31T12:30:50 IST" duration-ms="1115" status="PASS">
          <reporter-output>
          </reporter-output>
        </test-method> <!-- testDeleteUserByName -->
      </class> <!-- api.tests.UserTests -->
      <class name="api.tests.DDTTest">
        <test-method signature="testPostUser(java.lang.String,java.lang.String,java.lang.String,java.lang.String,java.lang.String,java.lang.String,java.lang.String)[pri:1, instance:api.tests.DDTTest@45099dd3]" started-at="2025-12-31T12:30:53 IST" name="testPostUser" data-provider="Data" finished-at="2025-12-31T12:30:54 IST" duration-ms="1212" status="PASS">
          <params>
            <param index="0">
              <value>
                <![CDATA[1010]]>
              </value>
            </param>
            <param index="1">
              <value>
                <![CDATA[vr]]>
              </value>
            </param>
            <param index="2">
              <value>
                <![CDATA[vira]]>
              </value>
            </param>
            <param index="3">
              <value>
                <![CDATA[ram]]>
              </value>
            </param>
            <param index="4">
              <value>
                <![CDATA[a@gmail.com]]>
              </value>
            </param>
            <param index="5">
              <value>
                <![CDATA[dsdsd]]>
              </value>
            </param>
            <param index="6">
              <value>
                <![CDATA[7844121212]]>
              </value>
            </param>
          </params>
          <reporter-output>
          </reporter-output>
        </test-method> <!-- testPostUser -->
        <test-method signature="testPostUser(java.lang.String,java.lang.String,java.lang.String,java.lang.String,java.lang.String,java.lang.String,java.lang.String)[pri:1, instance:api.tests.DDTTest@45099dd3]" started-at="2025-12-31T12:30:54 IST" name="testPostUser" data-provider="Data" finished-at="2025-12-31T12:30:55 IST" duration-ms="1063" status="PASS">
          <params>
            <param index="0">
              <value>
                <![CDATA[1020]]>
              </value>
            </param>
            <param index="1">
              <value>
                <![CDATA[rh]]>
              </value>
            </param>
            <param index="2">
              <value>
                <![CDATA[ravi]]>
              </value>
            </param>
            <param index="3">
              <value>
                <![CDATA[hirave]]>
              </value>
            </param>
            <param index="4">
              <value>
                <![CDATA[b@gmail.com]]>
              </value>
            </param>
            <param index="5">
              <value>
                <![CDATA[dcfdc]]>
              </value>
            </param>
            <param index="6">
              <value>
                <![CDATA[5446464654]]>
              </value>
            </param>
          </params>
          <reporter-output>
          </reporter-output>
        </test-method> <!-- testPostUser -->
        <test-method signature="testDeleteUserByName(java.lang.String)[pri:2, instance:api.tests.DDTTest@45099dd3]" started-at="2025-12-31T12:30:55 IST" name="testDeleteUserByName" data-provider="Usernames" finished-at="2025-12-31T12:30:57 IST" duration-ms="1204" status="PASS">
          <params>
            <param index="0">
              <value>
                <![CDATA[vr]]>
              </value>
            </param>
          </params>
          <reporter-output>
          </reporter-output>
        </test-method> <!-- testDeleteUserByName -->
        <test-method signature="testDeleteUserByName(java.lang.String)[pri:2, instance:api.tests.DDTTest@45099dd3]" started-at="2025-12-31T12:30:57 IST" name="testDeleteUserByName" data-provider="Usernames" finished-at="2025-12-31T12:30:58 IST" duration-ms="1082" status="PASS">
          <params>
            <param index="0">
              <value>
                <![CDATA[rh]]>
              </value>
            </param>
          </params>
          <reporter-output>
          </reporter-output>
        </test-method> <!-- testDeleteUserByName -->
      </class> <!-- api.tests.DDTTest -->
    </test> <!-- UserTest -->
  </suite> <!-- UserSuite -->
</testng-results>
