<?xml version="1.0" encoding="UTF-8"?>
<!-- Generated by org.testng.reporters.JUnitReportReporter -->
<testsuite hostname="DESKTOP-NKSQIDG" failures="0" tests="4" name="api.tests.DDTTest" time="4.561" errors="0" timestamp="2025-12-31T12:30:58 IST" skipped="0">
  <testcase classname="api.tests.DDTTest" name="testPostUser" time="1.212"/>
  <system-out/>
  <testcase classname="api.tests.DDTTest" name="testPostUser" time="1.063"/>
  <system-out/>
  <testcase classname="api.tests.DDTTest" name="testDeleteUserByName" time="1.204"/>
  <system-out/>
  <testcase classname="api.tests.DDTTest" name="testDeleteUserByName" time="1.082"/>
  <system-out/>
</testsuite> <!-- api.tests.DDTTest -->
