<?xml version="1.0" encoding="UTF-8"?>
<!-- Generated by org.testng.reporters.JUnitReportReporter -->
<testsuite hostname="DESKTOP-NKSQIDG" failures="0" tests="4" name="api.tests.UserTests" time="10.638" errors="0" timestamp="2025-12-31T12:30:58 IST" skipped="0">
  <testcase classname="api.tests.UserTests" name="testPostUser" time="5.974"/>
  <system-out/>
  <testcase classname="api.tests.UserTests" name="getUserByName" time="1.178"/>
  <system-out/>
  <testcase classname="api.tests.UserTests" name="updateUserByName" time="2.371"/>
  <system-out/>
  <testcase classname="api.tests.UserTests" name="testDeleteUserByName" time="1.115"/>
  <system-out/>
</testsuite> <!-- api.tests.UserTests -->
