<?xml version="1.0" encoding="UTF-8"?>
<!-- Generated by org.testng.reporters.JUnitReportReporter -->
<testsuite hostname="DESKTOP-NKSQIDG" failures="0" tests="4" name="api.tests.DDTTest" time="8.500" errors="0" timestamp="2025-12-30T18:13:06 IST" skipped="0">
  <testcase classname="api.tests.DDTTest" name="testPostUser" time="1.114"/>
  <system-out/>
  <testcase classname="api.tests.DDTTest" name="testPostUser" time="5.176"/>
  <system-out/>
  <testcase classname="api.tests.DDTTest" name="testDeleteUserByName" time="1.093"/>
  <system-out/>
  <testcase classname="api.tests.DDTTest" name="testDeleteUserByName" time="1.117"/>
  <system-out/>
</testsuite> <!-- api.tests.DDTTest -->
