<?xml version="1.0" encoding="UTF-8"?>
<!-- Generated by org.testng.reporters.JUnitReportReporter -->
<testsuite hostname="DESKTOP-NKSQIDG" failures="0" tests="4" name="api.tests.UserTests" time="7.236" errors="0" timestamp="2025-12-30T18:13:06 IST" skipped="0">
  <testcase classname="api.tests.UserTests" name="testPostUser" time="1.133"/>
  <system-out/>
  <testcase classname="api.tests.UserTests" name="getUserByName" time="1.550"/>
  <system-out/>
  <testcase classname="api.tests.UserTests" name="updateUserByName" time="3.419"/>
  <system-out/>
  <testcase classname="api.tests.UserTests" name="testDeleteUserByName" time="1.134"/>
  <system-out/>
</testsuite> <!-- api.tests.UserTests -->
